		Initializing .... 

Total memory allocated = 5448052
		Begin Printing Seed information

Seed point: 14 4 	Path 0 0 	User path -1 -1 -1

---------------------

Print path: 



[14 4] 

		Begin Printing Seed information

Seed point: 14 4 	Path 0 10 	User path 0 28 0

Seed point: 4 12 	Path 11 11 	User path 28 28 28

---------------------

Print path: 



[14 4] [13 5] [12 6] [11 7] [10 8] [9 9] [8 10] 
[7 11] [6 12] [5 12] [4 12] [4 12] 

		Begin Printing Seed information

Seed point: 14 4 	Path 0 10 	User path 0 28 0

Seed point: 4 12 	Path 11 31 	User path 28 54 28

Seed point: 24 13 	Path 32 32 	User path 74 74 74

---------------------

Print path: 



[14 4] [13 5] [12 6] [11 7] [10 8] [9 9] [8 10] 
[7 11] [6 12] [5 12] [4 12] [4 12] [5 12] [6 13] 
[7 13] [8 13] [9 13] [10 13] [11 13] [12 13] [13 13] 
[14 13] [15 13] [16 13] [17 13] [18 13] [19 13] [20 13] 
[21 13] [22 13] [23 13] [24 13] [24 13] 

		Begin Printing Seed information

Seed point: 14 4 	Path 0 10 	User path 0 28 0

Seed point: 4 12 	Path 11 31 	User path 28 54 28

Seed point: 24 13 	Path 32 101 	User path 54 76 54

Seed point: 21 3 	Path 102 102 	User path 96 96 96

---------------------

Print path: 



[14 4] [13 5] [12 6] [11 7] [10 8] [9 9] [8 10] 
[7 11] [6 12] [5 12] [4 12] [4 12] [5 12] [6 13] 
[7 13] [8 13] [9 13] [10 13] [11 13] [12 13] [13 13] 
[14 13] [15 13] [16 13] [17 13] [18 13] [19 13] [20 13] 
[21 13] [22 13] [23 13] [24 13] [24 13] [25 13] [26 13] 
[27 13] [28 13] [29 13] [30 13] [31 13] [32 13] [33 13] 
[34 13] [35 13] [36 13] [37 13] [38 13] [39 13] [40 13] 
[41 13] [42 13] [43 13] [44 13] [45 13] [46 13] [47 13] 
[48 13] [49 13] [50 13] [51 13] [52 12] [53 11] [54 10] 
[55 9] [56 8] [57 7] [56 6] [55 5] [54 5] [53 5] 
[52 5] [51 5] [50 5] [49 5] [48 5] [47 5] [46 5] 
[45 5] [44 4] [43 3] [42 3] [41 3] [40 3] [39 3] 
[38 3] [37 3] [36 3] [35 3] [34 3] [33 3] [32 3] 
[31 3] [30 3] [29 3] [28 3] [27 3] [26 3] [25 3] 
[24 3] [23 3] [22 3] [21 3] [21 3] 

		Begin Printing Seed information

Seed point: 14 4 	Path 0 10 	User path 0 28 0

Seed point: 4 12 	Path 11 31 	User path 28 54 28

Seed point: 24 13 	Path 32 101 	User path 54 76 54

Seed point: 21 3 	Path 102 114 	User path 76 105 76

Seed point: 9 6 	Path 115 115 	User path 105 105 105

---------------------

Print path: 



[14 4] [13 5] [12 6] [11 7] [10 8] [9 9] [8 10] 
[7 11] [6 12] [5 12] [4 12] [4 12] [5 12] [6 13] 
[7 13] [8 13] [9 13] [10 13] [11 13] [12 13] [13 13] 
[14 13] [15 13] [16 13] [17 13] [18 13] [19 13] [20 13] 
[21 13] [22 13] [23 13] [24 13] [24 13] [25 13] [26 13] 
[27 13] [28 13] [29 13] [30 13] [31 13] [32 13] [33 13] 
[34 13] [35 13] [36 13] [37 13] [38 13] [39 13] [40 13] 
[41 13] [42 13] [43 13] [44 13] [45 13] [46 13] [47 13] 
[48 13] [49 13] [50 13] [51 13] [52 12] [53 11] [54 10] 
[55 9] [56 8] [57 7] [56 6] [55 5] [54 5] [53 5] 
[52 5] [51 5] [50 5] [49 5] [48 5] [47 5] [46 5] 
[45 5] [44 4] [43 3] [42 3] [41 3] [40 3] [39 3] 
[38 3] [37 3] [36 3] [35 3] [34 3] [33 3] [32 3] 
[31 3] [30 3] [29 3] [28 3] [27 3] [26 3] [25 3] 
[24 3] [23 3] [22 3] [21 3] [21 3] [20 4] [19 4] 
[18 4] [17 4] [16 5] [15 5] [14 5] [13 5] [12 6] 
[11 6] [10 6] [9 6] [9 6] 

		Begin Printing Seed information

Seed point: 14 4 	Path 0 10 	User path 0 28 0

Seed point: 4 12 	Path 11 31 	User path 28 54 28

Seed point: 24 13 	Path 32 101 	User path 54 76 54

Seed point: 21 3 	Path 102 114 	User path 76 105 76

Seed point: 9 6 	Path 115 119 	User path 105 124 105

Seed point: 6 10 	Path 120 120 	User path 124 124 124

---------------------

Print path: 



[14 4] [13 5] [12 6] [11 7] [10 8] [9 9] [8 10] 
[7 11] [6 12] [5 12] [4 12] [4 12] [5 12] [6 13] 
[7 13] [8 13] [9 13] [10 13] [11 13] [12 13] [13 13] 
[14 13] [15 13] [16 13] [17 13] [18 13] [19 13] [20 13] 
[21 13] [22 13] [23 13] [24 13] [24 13] [25 13] [26 13] 
[27 13] [28 13] [29 13] [30 13] [31 13] [32 13] [33 13] 
[34 13] [35 13] [36 13] [37 13] [38 13] [39 13] [40 13] 
[41 13] [42 13] [43 13] [44 13] [45 13] [46 13] [47 13] 
[48 13] [49 13] [50 13] [51 13] [52 12] [53 11] [54 10] 
[55 9] [56 8] [57 7] [56 6] [55 5] [54 5] [53 5] 
[52 5] [51 5] [50 5] [49 5] [48 5] [47 5] [46 5] 
[45 5] [44 4] [43 3] [42 3] [41 3] [40 3] [39 3] 
[38 3] [37 3] [36 3] [35 3] [34 3] [33 3] [32 3] 
[31 3] [30 3] [29 3] [28 3] [27 3] [26 3] [25 3] 
[24 3] [23 3] [22 3] [21 3] [21 3] [20 4] [19 4] 
[18 4] [17 4] [16 5] [15 5] [14 5] [13 5] [12 6] 
[11 6] [10 6] [9 6] [9 6] [8 7] [7 8] [7 9] 
[6 10] [6 10] 

User path


[14 4] [14 3] [13 3] [13 4] [13 4] [12 6] [11 7] 
[10 8] [10 9] [9 10] [8 10] [8 10] [7 11] [7 11] 
[7 11] [7 11] [6 11] [6 11] [6 11] [6 11] [6 11] 
[5 11] [5 11] [5 12] [5 12] [4 12] [4 12] [4 12] 
[4 12] [4 13] [4 13] [4 13] [4 14] [4 14] [3 15] 
[3 15] [3 15] [3 15] [3 15] [4 15] [4 15] [4 14] 
[4 14] [5 14] [5 14] [6 14] [7 14] [11 15] [17 16] 
[19 15] [19 15] [20 14] [21 14] [25 12] [24 13] [32 11] 
[48 11] [60 11] [60 10] [60 10] [60 10] [60 10] [60 10] 
[60 9] [60 8] [60 4] [60 3] [60 3] [60 3] [60 3] 
[60 3] [60 3] [60 3] [52 3] [41 3] [15 3] [21 3] 
[9 3] [3 3] [3 3] [3 3] [3 3] [3 3] [3 3] 
[3 3] [3 3] [3 3] [3 3] [3 3] [3 3] [3 3] 
[3 3] [3 3] [3 6] [3 7] [3 8] [6 8] [8 7] 
[8 7] [9 7] [9 7] [9 7] [9 6] [9 6] [9 6] 
[9 6] [9 7] [9 7] [9 7] [9 8] [9 9] [10 10] 
[10 11] [9 12] [8 12] [8 12] [8 12] [7 12] [7 11] 
[7 11] [7 11] [6 10] [6 10] [6 10] [6 10] 

		Begin Printing Seed information

Seed point: 14 4 	Path 0 10 	User path 0 28 0

Seed point: 4 12 	Path 11 31 	User path 28 54 28

Seed point: 24 13 	Path 32 101 	User path 54 76 54

Seed point: 21 3 	Path 102 114 	User path 76 105 76

Seed point: 9 6 	Path 115 119 	User path 105 124 105

Seed point: 6 10 	Path 120 120 	User path 124 125 124

Seed point: 6 10 	Path 121 121 	User path 125 125 125

---------------------

Print path: 



[14 4] [13 5] [12 6] [11 7] [10 8] [9 9] [8 10] 
[7 11] [6 12] [5 12] [4 12] [4 12] [5 12] [6 13] 
[7 13] [8 13] [9 13] [10 13] [11 13] [12 13] [13 13] 
[14 13] [15 13] [16 13] [17 13] [18 13] [19 13] [20 13] 
[21 13] [22 13] [23 13] [24 13] [24 13] [25 13] [26 13] 
[27 13] [28 13] [29 13] [30 13] [31 13] [32 13] [33 13] 
[34 13] [35 13] [36 13] [37 13] [38 13] [39 13] [40 13] 
[41 13] [42 13] [43 13] [44 13] [45 13] [46 13] [47 13] 
[48 13] [49 13] [50 13] [51 13] [52 12] [53 11] [54 10] 
[55 9] [56 8] [57 7] [56 6] [55 5] [54 5] [53 5] 
[52 5] [51 5] [50 5] [49 5] [48 5] [47 5] [46 5] 
[45 5] [44 4] [43 3] [42 3] [41 3] [40 3] [39 3] 
[38 3] [37 3] [36 3] [35 3] [34 3] [33 3] [32 3] 
[31 3] [30 3] [29 3] [28 3] [27 3] [26 3] [25 3] 
[24 3] [23 3] [22 3] [21 3] [21 3] [20 4] [19 4] 
[18 4] [17 4] [16 5] [15 5] [14 5] [13 5] [12 6] 
[11 6] [10 6] [9 6] [9 6] [8 7] [7 8] [7 9] 
[6 10] [6 10] [6 10] 

